#
# There is insufficient memory for the Java Runtime Environment to continue.
# Native memory allocation (mmap) failed to map 260046848 bytes for G1 virtual space
# Possible reasons:
#   The system is out of physical RAM or swap space
#   The process is running with CompressedOops enabled, and the Java Heap may be blocking the growth of the native heap
# Possible solutions:
#   Reduce memory load on the system
#   Increase physical memory or swap space
#   Check if swap backing store is full
#   Decrease Java heap size (-Xmx/-Xms)
#   Decrease number of Java threads
#   Decrease Java thread stack sizes (-Xss)
#   Set larger code cache with -XX:ReservedCodeCacheSize=
#   JVM is running with Zero Based Compressed Oops mode in which the Java heap is
#     placed in the first 32GB address space. The Java Heap base address is the
#     maximum limit for the native heap growth. Please use -XX:HeapBaseMinAddress
#     to set the Java Heap base and to place the Java Heap above 32GB virtual address.
# This output file may be truncated or incomplete.
#
#  Out of Memory Error (os_windows.cpp:3825), pid=17024, tid=1492
#
# JRE version:  (17.0.10) (build )
# Java VM: OpenJDK 64-Bit Server VM (17.0.10+0--11609105, mixed mode, sharing, tiered, compressed oops, compressed class ptrs, g1 gc, windows-amd64)
# No core dump will be written. Minidumps are not enabled by default on client versions of Windows
#

---------------  S U M M A R Y ------------

Command Line: -Dorg.gradle.appname=gradlew org.gradle.wrapper.GradleWrapperMain -q -Ptarget-platform=android-x86 -Ptarget=C:\Users\busez\coffe_ui\lib\main.dart -Pbase-application-name=android.app.Application -Pdart-defines=RkxVVFRFUl9XRUJfQ0FOVkFTS0lUX1VSTD1odHRwczovL3d3dy5nc3RhdGljLmNvbS9mbHV0dGVyLWNhbnZhc2tpdC8yMzVkYjkxMWJhMjc5NzIyZjVlNjg1ZjM4YjBlZDMwZmE3ZTg1NzBhLw== -Pdart-obfuscation=false -Ptrack-widget-creation=true -Ptree-shake-icons=false -Pfilesystem-scheme=org-dartlang-root assembleDebug

Host: AMD Ryzen 5 4600H with Radeon Graphics         , 12 cores, 15G,  Windows 11 , 64 bit Build 22621 (10.0.22621.3672)
Time: Thu Aug  8 15:29:18 2024 Türkiye Standart Saati elapsed time: 0.012208 seconds (0d 0h 0m 0s)

---------------  T H R E A D  ---------------

Current thread (0x000002273be55a20):  JavaThread "Unknown thread" [_thread_in_vm, id=1492, stack(0x00000097dfb00000,0x00000097dfc00000)]

Stack: [0x00000097dfb00000,0x00000097dfc00000]
Native frames: (J=compiled Java code, j=interpreted, Vv=VM code, C=native code)
V  [jvm.dll+0x688de9]
V  [jvm.dll+0x8423da]
V  [jvm.dll+0x84401e]
V  [jvm.dll+0x844683]
V  [jvm.dll+0x24be0f]
V  [jvm.dll+0x685bb9]
V  [jvm.dll+0x67a46a]
V  [jvm.dll+0x30cbab]
V  [jvm.dll+0x314056]
V  [jvm.dll+0x363dce]
V  [jvm.dll+0x363fff]
V  [jvm.dll+0x2e2978]
V  [jvm.dll+0x2e38e4]
V  [jvm.dll+0x812f71]
V  [jvm.dll+0x371c81]
V  [jvm.dll+0x7f1ac6]
V  [jvm.dll+0x3f58df]
V  [jvm.dll+0x3f7511]
C  [jli.dll+0x528f]
C  [ucrtbase.dll+0x29333]
C  [KERNEL32.DLL+0x1257d]
C  [ntdll.dll+0x5af28]


---------------  P R O C E S S  ---------------

Threads class SMR info:
_java_thread_list=0x00007ff95bb5ef58, length=0, elements={
}

Java Threads: ( => current thread )

Other Threads:
  0x000002273bebef50 GCTaskThread "GC Thread#0" [stack: 0x00000097dfc00000,0x00000097dfd00000] [id=10708]
  0x000002273bed1340 ConcurrentGCThread "G1 Main Marker" [stack: 0x00000097dfd00000,0x00000097dfe00000] [id=14740]
  0x000002273bed2b80 ConcurrentGCThread "G1 Conc#0" [stack: 0x00000097dfe00000,0x00000097dff00000] [id=20192]

[error occurred during error reporting (printing all threads), id 0xc0000005, EXCEPTION_ACCESS_VIOLATION (0xc0000005) at pc=0x00007ff95b313547]

VM state: not at safepoint (not fully initialized)

VM Mutex/Monitor currently owned by a thread:  ([mutex/lock_event])
[0x000002273be516e0] Heap_lock - owner thread: 0x000002273be55a20

Heap address: 0x0000000709800000, size: 3944 MB, Compressed Oops mode: Zero based, Oop shift amount: 3

CDS archive(s) mapped at: [0x0000000000000000-0x0000000000000000-0x0000000000000000), size 0, SharedBaseAddress: 0x0000000800000000, ArchiveRelocationMode: 1.
Narrow klass base: 0x0000000000000000, Narrow klass shift: 0, Narrow klass range: 0x0

GC Precious Log:
<Empty>

Heap:
 garbage-first heap   total 0K, used 0K [0x0000000709800000, 0x0000000800000000)
  region size 2048K, 0 young (0K), 0 survivors (0K)
 Metaspace       used 0K, committed 0K, reserved 0K
  class space    used 0K, committed 0K, reserved 0K

Heap Regions: E=young(eden), S=young(survivor), O=old, HS=humongous(starts), HC=humongous(continues), CS=collection set, F=free, OA=open archive, CA=closed archive, TAMS=top-at-mark-start (previous, next)

Card table byte_map: [0x000002274f040000,0x000002274f800000] _byte_map_base: 0x000002274b7f4000

Marking Bits (Prev, Next): (CMBitMap*) 0x000002273bec1390, (CMBitMap*) 0x000002273bec13d0
 Prev Bits: [0x000002274ffc0000, 0x0000022753d60000)
 Next Bits: [0x0000022753d60000, 0x0000022757b00000)

GC Heap History (0 events):
No events

Dll operation events (1 events):
Event: 0.007 Loaded shared library C:\Program Files\Android\Android Studio\jbr\bin\java.dll

Deoptimization events (0 events):
No events

Classes unloaded (0 events):
No events

Classes redefined (0 events):
No events

Internal exceptions (0 events):
No events

VM Operations (0 events):
No events

Events (0 events):
No events


Dynamic libraries:
0x00007ff7ef5d0000 - 0x00007ff7ef5da000 	C:\Program Files\Android\Android Studio\jbr\bin\java.exe
0x00007ffa22990000 - 0x00007ffa22ba7000 	C:\WINDOWS\SYSTEM32\ntdll.dll
0x00007ffa207e0000 - 0x00007ffa208a4000 	C:\WINDOWS\System32\KERNEL32.DLL
0x00007ffa201d0000 - 0x00007ffa2057d000 	C:\WINDOWS\System32\KERNELBASE.dll
0x00007ffa1fef0000 - 0x00007ffa20001000 	C:\WINDOWS\System32\ucrtbase.dll
0x00007ff9cf170000 - 0x00007ff9cf187000 	C:\Program Files\Android\Android Studio\jbr\bin\jli.dll
0x00007ff9cf100000 - 0x00007ff9cf11b000 	C:\Program Files\Android\Android Studio\jbr\bin\VCRUNTIME140.dll
0x00007ffa22490000 - 0x00007ffa2263e000 	C:\WINDOWS\System32\USER32.dll
0x00007ffa20580000 - 0x00007ffa205a6000 	C:\WINDOWS\System32\win32u.dll
0x00007ff9fe540000 - 0x00007ff9fe7d3000 	C:\WINDOWS\WinSxS\amd64_microsoft.windows.common-controls_6595b64144ccf1df_6.0.22621.3672_none_2713b9d173822955\COMCTL32.dll
0x00007ffa22920000 - 0x00007ffa22949000 	C:\WINDOWS\System32\GDI32.dll
0x00007ffa21450000 - 0x00007ffa214f7000 	C:\WINDOWS\System32\msvcrt.dll
0x00007ffa20010000 - 0x00007ffa20129000 	C:\WINDOWS\System32\gdi32full.dll
0x00007ffa20130000 - 0x00007ffa201ca000 	C:\WINDOWS\System32\msvcp_win.dll
0x00007ffa227c0000 - 0x00007ffa227f1000 	C:\WINDOWS\System32\IMM32.DLL
0x00007ff9e6c50000 - 0x00007ff9e6c5c000 	C:\Program Files\Android\Android Studio\jbr\bin\vcruntime140_1.dll
0x00007ff97bfe0000 - 0x00007ff97c06d000 	C:\Program Files\Android\Android Studio\jbr\bin\msvcp140.dll
0x00007ff95b020000 - 0x00007ff95bca3000 	C:\Program Files\Android\Android Studio\jbr\bin\server\jvm.dll
0x00007ffa21050000 - 0x00007ffa21102000 	C:\WINDOWS\System32\ADVAPI32.dll
0x00007ffa21500000 - 0x00007ffa215a9000 	C:\WINDOWS\System32\sechost.dll
0x00007ffa205b0000 - 0x00007ffa205d8000 	C:\WINDOWS\System32\bcrypt.dll
0x00007ffa212d0000 - 0x00007ffa213e4000 	C:\WINDOWS\System32\RPCRT4.dll
0x00007ffa1f9d0000 - 0x00007ffa1fa1d000 	C:\WINDOWS\SYSTEM32\POWRPROF.dll
0x00007ffa17d90000 - 0x00007ffa17d99000 	C:\WINDOWS\SYSTEM32\WSOCK32.dll
0x00007ffa20e20000 - 0x00007ffa20e91000 	C:\WINDOWS\System32\WS2_32.dll
0x00007ffa1a9c0000 - 0x00007ffa1a9f4000 	C:\WINDOWS\SYSTEM32\WINMM.dll
0x00007ffa17a10000 - 0x00007ffa17a1a000 	C:\WINDOWS\SYSTEM32\VERSION.dll
0x00007ffa1f9b0000 - 0x00007ffa1f9c3000 	C:\WINDOWS\SYSTEM32\UMPDC.dll
0x00007ffa1ecf0000 - 0x00007ffa1ed08000 	C:\WINDOWS\SYSTEM32\kernel.appcore.dll
0x00007ff9e5a40000 - 0x00007ff9e5a4a000 	C:\Program Files\Android\Android Studio\jbr\bin\jimage.dll
0x00007ffa13740000 - 0x00007ffa13972000 	C:\WINDOWS\SYSTEM32\DBGHELP.DLL
0x00007ffa208b0000 - 0x00007ffa20c38000 	C:\WINDOWS\System32\combase.dll
0x00007ffa20c40000 - 0x00007ffa20d17000 	C:\WINDOWS\System32\OLEAUT32.dll
0x00007ffa13a80000 - 0x00007ffa13ab2000 	C:\WINDOWS\SYSTEM32\dbgcore.DLL
0x00007ffa205e0000 - 0x00007ffa2065b000 	C:\WINDOWS\System32\bcryptPrimitives.dll
0x00007ff9cedf0000 - 0x00007ff9cee15000 	C:\Program Files\Android\Android Studio\jbr\bin\java.dll

dbghelp: loaded successfully - version: 4.0.5 - missing functions: none
symbol engine: initialized successfully - sym options: 0x614 - pdb path: .;C:\Program Files\Android\Android Studio\jbr\bin;C:\WINDOWS\SYSTEM32;C:\WINDOWS\WinSxS\amd64_microsoft.windows.common-controls_6595b64144ccf1df_6.0.22621.3672_none_2713b9d173822955;C:\Program Files\Android\Android Studio\jbr\bin\server

VM Arguments:
jvm_args: -Dorg.gradle.appname=gradlew 
java_command: org.gradle.wrapper.GradleWrapperMain -q -Ptarget-platform=android-x86 -Ptarget=C:\Users\busez\coffe_ui\lib\main.dart -Pbase-application-name=android.app.Application -Pdart-defines=RkxVVFRFUl9XRUJfQ0FOVkFTS0lUX1VSTD1odHRwczovL3d3dy5nc3RhdGljLmNvbS9mbHV0dGVyLWNhbnZhc2tpdC8yMzVkYjkxMWJhMjc5NzIyZjVlNjg1ZjM4YjBlZDMwZmE3ZTg1NzBhLw== -Pdart-obfuscation=false -Ptrack-widget-creation=true -Ptree-shake-icons=false -Pfilesystem-scheme=org-dartlang-root assembleDebug
java_class_path (initial): C:\Users\busez\coffe_ui\android\\gradle\wrapper\gradle-wrapper.jar
Launcher Type: SUN_STANDARD

[Global flags]
     intx CICompilerCount                          = 4                                         {product} {ergonomic}
     uint ConcGCThreads                            = 3                                         {product} {ergonomic}
     uint G1ConcRefinementThreads                  = 10                                        {product} {ergonomic}
   size_t G1HeapRegionSize                         = 2097152                                   {product} {ergonomic}
    uintx GCDrainStackTargetSize                   = 64                                        {product} {ergonomic}
   size_t InitialHeapSize                          = 260046848                                 {product} {ergonomic}
   size_t MarkStackSize                            = 4194304                                   {product} {ergonomic}
   size_t MaxHeapSize                              = 4135583744                                {product} {ergonomic}
   size_t MinHeapDeltaBytes                        = 2097152                                   {product} {ergonomic}
   size_t MinHeapSize                              = 8388608                                   {product} {ergonomic}
    uintx NonNMethodCodeHeapSize                   = 5839372                                {pd product} {ergonomic}
    uintx NonProfiledCodeHeapSize                  = 122909434                              {pd product} {ergonomic}
    uintx ProfiledCodeHeapSize                     = 122909434                              {pd product} {ergonomic}
    uintx ReservedCodeCacheSize                    = 251658240                              {pd product} {ergonomic}
     bool SegmentedCodeCache                       = true                                      {product} {ergonomic}
   size_t SoftMaxHeapSize                          = 4135583744                             {manageable} {ergonomic}
     bool UseCompressedClassPointers               = true                           {product lp64_product} {ergonomic}
     bool UseCompressedOops                        = true                           {product lp64_product} {ergonomic}
     bool UseG1GC                                  = true                                      {product} {ergonomic}
     bool UseLargePagesIndividualAllocation        = false                                  {pd product} {ergonomic}

Logging:
Log output configuration:
 #0: stdout all=warning uptime,level,tags
 #1: stderr all=off uptime,level,tags

Environment Variables:
JAVA_HOME=C:\Program Files\Android\Android Studio\jbr
CLASSPATH=C:\Users\busez\coffe_ui\android\\gradle\wrapper\gradle-wrapper.jar
PATH=C:\Program Files\Android\Android Studio\jbr\bin;C:\src\flutter\bin\;C:\Users\busez\AppData\Local\Programs\Python\Python312\Scripts\;C:\Users\busez\AppData\Local\Programs\Python\Python312\;C:\Program Files\NVIDIA GPU Computing Toolkit\CUDA\v12.4\bin;C:\Program Files\NVIDIA GPU Computing Toolkit\CUDA\v12.4\libnvvp;C:\Program Files\Common Files\Oracle\Java\javapath;C:\WINDOWS\system32;C:\WINDOWS;C:\WINDOWS\System32\Wbem;C:\WINDOWS\System32\WindowsPowerShell\v1.0\;C:\WINDOWS\System32\OpenSSH\;C:\WINDOWS\system32;C:\WINDOWS;C:\WINDOWS\System32\Wbem;C:\WINDOWS\System32\WindowsPowerShell\v1.0\;C:\WINDOWS\System32\OpenSSH\;C:\Program Files\dotnet\;C:\Program Files\NVIDIA Corporation\Nsight Compute 2024.1.1\;C:\Program Files (x86)\NVIDIA Corporation\PhysX\Common;C:\Program Files (x86)\Microsoft SQL Server\160\Tools\Binn\;C:\Program Files\Microsoft SQL Server\160\Tools\Binn\;C:\Program Files\Microsoft SQL Server\Client SDK\ODBC\170\Tools\Binn\;C:\Program Files\Microsoft SQL Server\160\DTS\Binn\;C:\Program Files\Microsoft SQL Server\150\Tools\Binn\;C:\Program Files\Microsoft SQL Server\110\Tools\Binn\;C:\Program Files (x86)\Microsoft SQL Server\110\Tools\Binn\;C:\Program Files\Microsoft SQL Server\110\DTS\Binn\;C:\Program Files (x86)\Microsoft SQL Server\110\Tools\Binn\ManagementStudio\;C:\Program Files (x86)\Microsoft SQL Server\110\DTS\Binn\;C:\Program Files\Git\cmd;C:\Program Files\nodejs\;C:\ProgramData\chocolatey\bin;C:\Users\busez\AppData\Local\Pub\Cache\bin;C:\Program Files\NVIDIA GPU Computing Toolkit\CUDA\v12.4\bin;C:\Program Files\NVIDIA GPU Computing Toolkit\CUDA\v12.4\libnvvp;C:\Program Files\Common Files\Oracle\Java\javapath;C:\WINDOWS\system32;C:\WINDOWS;C:\WINDOWS\System32\Wbem;C:\WINDOWS\System32\WindowsPowerShell\v1.0\;C:\WINDOWS\System32\OpenSSH\;C:\WINDOWS\system32;C:\WINDOWS;C:\WINDOWS\System32\Wbem;C:\WINDOWS\System32\WindowsPowerShell\v1.0\;C:\WINDOWS\System32\OpenSSH\;C:\Program Files\Git\cmd;C:\Program Files\dotnet\;C:\Program Files\NVIDIA Corporation
USERNAME=busez
LANG=en_US.UTF-8
OS=Windows_NT
PROCESSOR_IDENTIFIER=AMD64 Family 23 Model 96 Stepping 1, AuthenticAMD
TMP=C:\Users\busez\AppData\Local\Temp
TEMP=C:\Users\busez\AppData\Local\Temp



Periodic native trim disabled

JNI global refs:
JNI global refs: 0, weak refs: 0

JNI global refs memory usage: 0, weak refs: 0

OOME stack traces (most recent first):
Classloader memory used:


---------------  S Y S T E M  ---------------

OS:
 Windows 11 , 64 bit Build 22621 (10.0.22621.3672)
OS uptime: 2 days 4:24 hours

CPU: total 12 (initial active 12) (12 cores per cpu, 2 threads per core) family 23 model 96 stepping 1 microcode 0x0, cx8, cmov, fxsr, ht, mmx, 3dnowpref, sse, sse2, sse3, ssse3, sse4a, sse4.1, sse4.2, popcnt, lzcnt, tsc, tscinvbit, avx, avx2, aes, clmul, bmi1, bmi2, adx, sha, fma, vzeroupper, clflush, clflushopt
Processor Information for all 12 processors :
  Max Mhz: 3000, Current Mhz: 3000, Mhz Limit: 3000

Memory: 4k page, system-wide physical 15771M (3182M free)
TotalPageFile size 18638M (AvailPageFile size 223M)
current process WorkingSet (physical memory assigned to process): 11M, peak: 11M
current process commit charge ("private bytes"): 64M, peak: 312M

vm_info: OpenJDK 64-Bit Server VM (17.0.10+0--11609105) for windows-amd64 JRE (17.0.10+0--11609105), built on Mar 21 2024 19:10:56 by "androidbuild" with MS VC++ 16.10 / 16.11 (VS2019)

END.
